# JRE version: OpenJDK Runtime Environment Temurin-21.0.6+7 (21.0.6+7) (build 21.0.6+7-LTS)
# Java VM: OpenJDK 64-Bit Server VM Temurin-21.0.6+7 (21.0.6+7-LTS, mixed mode, sharing, tiered, compressed oops, compressed class ptrs, parallel gc, windows-amd64)
GC Precious Log:
 CardTable entry size: 512
 CPUs: 8 total, 8 available
 Memory: 16321M
 Large Page Support: Disabled
 NUMA Support: Disabled
 Compressed Oops: Enabled (32-bit)
 Alignments: Space 512K, Generation 512K, Heap 2M
 Heap Min Capacity: 100M
 Heap Initial Capacity: 100M
 Heap Max Capacity: 1G
 Pre-touch: Disabled
 Parallel Workers: 8
Heap:
 PSYoungGen      total 31232K, used 25354K [0x00000000eab00000, 0x00000000edd80000, 0x0000000100000000)
  eden space 27648K, 78% used [0x00000000eab00000,0x00000000ec049188,0x00000000ec600000)
  from space 3584K, 99% used [0x00000000ed980000,0x00000000edcf9978,0x00000000edd00000)
  to   space 512K, 0% used [0x00000000edd00000,0x00000000edd00000,0x00000000edd80000)
 ParOldGen       total 68608K, used 44743K [0x00000000c0000000, 0x00000000c4300000, 0x00000000eab00000)
  object space 68608K, 65% used [0x00000000c0000000,0x00000000c2bb1d60,0x00000000c4300000)
 Metaspace       used 46275K, committed 47424K, reserved 1114112K
  class space    used 4896K, committed 5376K, reserved 1048576K
GC Heap History (20 events):
Event: 12.327 GC heap before
{Heap before GC invocations=26 (full 1):
 PSYoungGen      total 34304K, used 4112K [0x00000000eab00000, 0x00000000ee680000, 0x0000000100000000)
  eden space 31744K, 5% used [0x00000000eab00000,0x00000000eac9afc8,0x00000000eca00000)
  from space 2560K, 96% used [0x00000000ee400000,0x00000000ee6692d0,0x00000000ee680000)
  to   space 2560K, 0% used [0x00000000ee180000,0x00000000ee180000,0x00000000ee400000)
 ParOldGen       total 68608K, used 27460K [0x00000000c0000000, 0x00000000c4300000, 0x00000000eab00000)
  object space 68608K, 40% used [0x00000000c0000000,0x00000000c1ad1090,0x00000000c4300000)
 Metaspace       used 34791K, committed 35840K, reserved 1114112K
  class space    used 3450K, committed 3904K, reserved 1048576K
}
Event: 12.329 GC heap after
{Heap after GC invocations=26 (full 1):
 PSYoungGen      total 32256K, used 256K [0x00000000eab00000, 0x00000000ee480000, 0x0000000100000000)
  eden space 31744K, 0% used [0x00000000eab00000,0x00000000eab00000,0x00000000eca00000)
  from space 512K, 50% used [0x00000000ee180000,0x00000000ee1c0000,0x00000000ee200000)
  to   space 1536K, 0% used [0x00000000ee300000,0x00000000ee300000,0x00000000ee480000)
 ParOldGen       total 68608K, used 29685K [0x00000000c0000000, 0x00000000c4300000, 0x00000000eab00000)
  object space 68608K, 43% used [0x00000000c0000000,0x00000000c1cfd4a0,0x00000000c4300000)
 Metaspace       used 34791K, committed 35840K, reserved 1114112K
  class space    used 3450K, committed 3904K, reserved 1048576K
}
Event: 12.329 GC heap before
{Heap before GC invocations=27 (full 2):
 PSYoungGen      total 32256K, used 256K [0x00000000eab00000, 0x00000000ee480000, 0x0000000100000000)
  eden space 31744K, 0% used [0x00000000eab00000,0x00000000eab00000,0x00000000eca00000)
  from space 512K, 50% used [0x00000000ee180000,0x00000000ee1c0000,0x00000000ee200000)
  to   space 1536K, 0% used [0x00000000ee300000,0x00000000ee300000,0x00000000ee480000)
 ParOldGen       total 68608K, used 29685K [0x00000000c0000000, 0x00000000c4300000, 0x00000000eab00000)
  object space 68608K, 43% used [0x00000000c0000000,0x00000000c1cfd4a0,0x00000000c4300000)
 Metaspace       used 34791K, committed 35840K, reserved 1114112K
  class space    used 3450K, committed 3904K, reserved 1048576K
}
Event: 12.374 GC heap after
{Heap after GC invocations=27 (full 2):
 PSYoungGen      total 32256K, used 0K [0x00000000eab00000, 0x00000000ee480000, 0x0000000100000000)
  eden space 31744K, 0% used [0x00000000eab00000,0x00000000eab00000,0x00000000eca00000)
  from space 512K, 0% used [0x00000000ee180000,0x00000000ee180000,0x00000000ee200000)
  to   space 1536K, 0% used [0x00000000ee300000,0x00000000ee300000,0x00000000ee480000)
 ParOldGen       total 68608K, used 28610K [0x00000000c0000000, 0x00000000c4300000, 0x00000000eab00000)
  object space 68608K, 41% used [0x00000000c0000000,0x00000000c1bf08c8,0x00000000c4300000)
 Metaspace       used 34791K, committed 35840K, reserved 1114112K
  class space    used 3450K, committed 3904K, reserved 1048576K
}
Event: 12.563 GC heap before
{Heap before GC invocations=28 (full 2):
 PSYoungGen      total 32256K, used 31744K [0x00000000eab00000, 0x00000000ee480000, 0x0000000100000000)
  eden space 31744K, 100% used [0x00000000eab00000,0x00000000eca00000,0x00000000eca00000)
  from space 512K, 0% used [0x00000000ee180000,0x00000000ee180000,0x00000000ee200000)
  to   space 1536K, 0% used [0x00000000ee300000,0x00000000ee300000,0x00000000ee480000)
 ParOldGen       total 68608K, used 28610K [0x00000000c0000000, 0x00000000c4300000, 0x00000000eab00000)
  object space 68608K, 41% used [0x00000000c0000000,0x00000000c1bf08c8,0x00000000c4300000)
 Metaspace       used 36664K, committed 37632K, reserved 1114112K
  class space    used 3707K, committed 4096K, reserved 1048576K
}
Event: 12.564 GC heap after
{Heap after GC invocations=28 (full 2):
 PSYoungGen      total 32768K, used 1536K [0x00000000eab00000, 0x00000000ee480000, 0x0000000100000000)
  eden space 31232K, 0% used [0x00000000eab00000,0x00000000eab00000,0x00000000ec980000)
  from space 1536K, 100% used [0x00000000ee300000,0x00000000ee480000,0x00000000ee480000)
  to   space 2560K, 0% used [0x00000000edf80000,0x00000000edf80000,0x00000000ee200000)
 ParOldGen       total 68608K, used 29194K [0x00000000c0000000, 0x00000000c4300000, 0x00000000eab00000)
  object space 68608K, 42% used [0x00000000c0000000,0x00000000c1c828c8,0x00000000c4300000)
 Metaspace       used 36664K, committed 37632K, reserved 1114112K
  class space    used 3707K, committed 4096K, reserved 1048576K
}
Event: 12.825 GC heap before
{Heap before GC invocations=29 (full 2):
 PSYoungGen      total 32768K, used 32768K [0x00000000eab00000, 0x00000000ee480000, 0x0000000100000000)
  eden space 31232K, 100% used [0x00000000eab00000,0x00000000ec980000,0x00000000ec980000)
  from space 1536K, 100% used [0x00000000ee300000,0x00000000ee480000,0x00000000ee480000)
  to   space 2560K, 0% used [0x00000000edf80000,0x00000000edf80000,0x00000000ee200000)
 ParOldGen       total 68608K, used 29194K [0x00000000c0000000, 0x00000000c4300000, 0x00000000eab00000)
  object space 68608K, 42% used [0x00000000c0000000,0x00000000c1c828c8,0x00000000c4300000)
 Metaspace       used 38896K, committed 39936K, reserved 1114112K
  class space    used 3985K, committed 4416K, reserved 1048576K
}
Event: 12.827 GC heap after
{Heap after GC invocations=29 (full 2):
 PSYoungGen      total 33280K, used 1002K [0x00000000eab00000, 0x00000000ee380000, 0x0000000100000000)
  eden space 30720K, 0% used [0x00000000eab00000,0x00000000eab00000,0x00000000ec900000)
  from space 2560K, 39% used [0x00000000edf80000,0x00000000ee07a8a0,0x00000000ee200000)
  to   space 1536K, 0% used [0x00000000ee200000,0x00000000ee200000,0x00000000ee380000)
 ParOldGen       total 68608K, used 30706K [0x00000000c0000000, 0x00000000c4300000, 0x00000000eab00000)
  object space 68608K, 44% used [0x00000000c0000000,0x00000000c1dfc8c8,0x00000000c4300000)
 Metaspace       used 38896K, committed 39936K, reserved 1114112K
  class space    used 3985K, committed 4416K, reserved 1048576K
}
Event: 13.153 GC heap before
{Heap before GC invocations=30 (full 2):
 PSYoungGen      total 33280K, used 31722K [0x00000000eab00000, 0x00000000ee380000, 0x0000000100000000)
  eden space 30720K, 100% used [0x00000000eab00000,0x00000000ec900000,0x00000000ec900000)
  from space 2560K, 39% used [0x00000000edf80000,0x00000000ee07a8a0,0x00000000ee200000)
  to   space 1536K, 0% used [0x00000000ee200000,0x00000000ee200000,0x00000000ee380000)
 ParOldGen       total 68608K, used 30706K [0x00000000c0000000, 0x00000000c4300000, 0x00000000eab00000)
  object space 68608K, 44% used [0x00000000c0000000,0x00000000c1dfc8c8,0x00000000c4300000)
 Metaspace       used 42382K, committed 43520K, reserved 1114112K
  class space    used 4409K, committed 4928K, reserved 1048576K
}
Event: 13.156 GC heap after
{Heap after GC invocations=30 (full 2):
 PSYoungGen      total 31744K, used 1510K [0x00000000eab00000, 0x00000000ee380000, 0x0000000100000000)
  eden space 30208K, 0% used [0x00000000eab00000,0x00000000eab00000,0x00000000ec880000)
  from space 1536K, 98% used [0x00000000ee200000,0x00000000ee3799b0,0x00000000ee380000)
  to   space 3072K, 0% used [0x00000000edd80000,0x00000000edd80000,0x00000000ee080000)
 ParOldGen       total 68608K, used 31762K [0x00000000c0000000, 0x00000000c4300000, 0x00000000eab00000)
  object space 68608K, 46% used [0x00000000c0000000,0x00000000c1f048c8,0x00000000c4300000)
 Metaspace       used 42382K, committed 43520K, reserved 1114112K
  class space    used 4409K, committed 4928K, reserved 1048576K
}
Event: 13.297 GC heap before
{Heap before GC invocations=31 (full 2):
 PSYoungGen      total 31744K, used 31718K [0x00000000eab00000, 0x00000000ee380000, 0x0000000100000000)
  eden space 30208K, 100% used [0x00000000eab00000,0x00000000ec880000,0x00000000ec880000)
  from space 1536K, 98% used [0x00000000ee200000,0x00000000ee3799b0,0x00000000ee380000)
  to   space 3072K, 0% used [0x00000000edd80000,0x00000000edd80000,0x00000000ee080000)
 ParOldGen       total 68608K, used 31762K [0x00000000c0000000, 0x00000000c4300000, 0x00000000eab00000)
  object space 68608K, 46% used [0x00000000c0000000,0x00000000c1f048c8,0x00000000c4300000)
 Metaspace       used 43305K, committed 44416K, reserved 1114112K
  class space    used 4520K, committed 4992K, reserved 1048576K
}
Event: 13.300 GC heap after
{Heap after GC invocations=31 (full 2):
 PSYoungGen      total 32768K, used 3008K [0x00000000eab00000, 0x00000000ee280000, 0x0000000100000000)
  eden space 29696K, 0% used [0x00000000eab00000,0x00000000eab00000,0x00000000ec800000)
  from space 3072K, 97% used [0x00000000edd80000,0x00000000ee070030,0x00000000ee080000)
  to   space 2048K, 0% used [0x00000000ee080000,0x00000000ee080000,0x00000000ee280000)
 ParOldGen       total 68608K, used 33144K [0x00000000c0000000, 0x00000000c4300000, 0x00000000eab00000)
  object space 68608K, 48% used [0x00000000c0000000,0x00000000c205e020,0x00000000c4300000)
 Metaspace       used 43305K, committed 44416K, reserved 1114112K
  class space    used 4520K, committed 4992K, reserved 1048576K
}
Event: 13.401 GC heap before
{Heap before GC invocations=32 (full 2):
 PSYoungGen      total 32768K, used 32704K [0x00000000eab00000, 0x00000000ee280000, 0x0000000100000000)
  eden space 29696K, 100% used [0x00000000eab00000,0x00000000ec800000,0x00000000ec800000)
  from space 3072K, 97% used [0x00000000edd80000,0x00000000ee070030,0x00000000ee080000)
  to   space 2048K, 0% used [0x00000000ee080000,0x00000000ee080000,0x00000000ee280000)
 ParOldGen       total 68608K, used 33144K [0x00000000c0000000, 0x00000000c4300000, 0x00000000eab00000)
  object space 68608K, 48% used [0x00000000c0000000,0x00000000c205e020,0x00000000c4300000)
 Metaspace       used 44334K, committed 45504K, reserved 1114112K
  class space    used 4672K, committed 5184K, reserved 1048576K
}
Event: 13.406 GC heap after
{Heap after GC invocations=32 (full 2):
 PSYoungGen      total 31232K, used 2033K [0x00000000eab00000, 0x00000000ee280000, 0x0000000100000000)
  eden space 29184K, 0% used [0x00000000eab00000,0x00000000eab00000,0x00000000ec780000)
  from space 2048K, 99% used [0x00000000ee080000,0x00000000ee27c420,0x00000000ee280000)
  to   space 6656K, 0% used [0x00000000ed580000,0x00000000ed580000,0x00000000edc00000)
 ParOldGen       total 68608K, used 36960K [0x00000000c0000000, 0x00000000c4300000, 0x00000000eab00000)
  object space 68608K, 53% used [0x00000000c0000000,0x00000000c2418070,0x00000000c4300000)
 Metaspace       used 44334K, committed 45504K, reserved 1114112K
  class space    used 4672K, committed 5184K, reserved 1048576K
}
Event: 13.479 GC heap before
{Heap before GC invocations=33 (full 2):
 PSYoungGen      total 31232K, used 31217K [0x00000000eab00000, 0x00000000ee280000, 0x0000000100000000)
  eden space 29184K, 100% used [0x00000000eab00000,0x00000000ec780000,0x00000000ec780000)
  from space 2048K, 99% used [0x00000000ee080000,0x00000000ee27c420,0x00000000ee280000)
  to   space 6656K, 0% used [0x00000000ed580000,0x00000000ed580000,0x00000000edc00000)
 ParOldGen       total 68608K, used 36960K [0x00000000c0000000, 0x00000000c4300000, 0x00000000eab00000)
  object space 68608K, 53% used [0x00000000c0000000,0x00000000c2418070,0x00000000c4300000)
 Metaspace       used 44978K, committed 46144K, reserved 1114112K
  class space    used 4756K, committed 5248K, reserved 1048576K
}
Event: 13.483 GC heap after
{Heap after GC invocations=33 (full 2):
 PSYoungGen      total 35328K, used 2852K [0x00000000eab00000, 0x00000000ee100000, 0x0000000100000000)
  eden space 28672K, 0% used [0x00000000eab00000,0x00000000eab00000,0x00000000ec700000)
  from space 6656K, 42% used [0x00000000ed580000,0x00000000ed849000,0x00000000edc00000)
  to   space 4096K, 0% used [0x00000000edd00000,0x00000000edd00000,0x00000000ee100000)
 ParOldGen       total 68608K, used 38923K [0x00000000c0000000, 0x00000000c4300000, 0x00000000eab00000)
  object space 68608K, 56% used [0x00000000c0000000,0x00000000c2602d78,0x00000000c4300000)
 Metaspace       used 44978K, committed 46144K, reserved 1114112K
  class space    used 4756K, committed 5248K, reserved 1048576K
}
Event: 13.560 GC heap before
{Heap before GC invocations=34 (full 2):
 PSYoungGen      total 35328K, used 31524K [0x00000000eab00000, 0x00000000ee100000, 0x0000000100000000)
  eden space 28672K, 100% used [0x00000000eab00000,0x00000000ec700000,0x00000000ec700000)
  from space 6656K, 42% used [0x00000000ed580000,0x00000000ed849000,0x00000000edc00000)
  to   space 4096K, 0% used [0x00000000edd00000,0x00000000edd00000,0x00000000ee100000)
 ParOldGen       total 68608K, used 38923K [0x00000000c0000000, 0x00000000c4300000, 0x00000000eab00000)
  object space 68608K, 56% used [0x00000000c0000000,0x00000000c2602d78,0x00000000c4300000)
 Metaspace       used 45326K, committed 46464K, reserved 1114112K
  class space    used 4788K, committed 5312K, reserved 1048576K
}
Event: 13.565 GC heap after
{Heap after GC invocations=34 (full 2):
 PSYoungGen      total 31744K, used 3168K [0x00000000eab00000, 0x00000000ee080000, 0x0000000100000000)
  eden space 28160K, 0% used [0x00000000eab00000,0x00000000eab00000,0x00000000ec680000)
  from space 3584K, 88% used [0x00000000edd00000,0x00000000ee018010,0x00000000ee080000)
  to   space 3584K, 0% used [0x00000000ed980000,0x00000000ed980000,0x00000000edd00000)
 ParOldGen       total 68608K, used 41695K [0x00000000c0000000, 0x00000000c4300000, 0x00000000eab00000)
  object space 68608K, 60% used [0x00000000c0000000,0x00000000c28b7d50,0x00000000c4300000)
 Metaspace       used 45326K, committed 46464K, reserved 1114112K
  class space    used 4788K, committed 5312K, reserved 1048576K
}
Event: 13.654 GC heap before
{Heap before GC invocations=35 (full 2):
 PSYoungGen      total 31744K, used 31328K [0x00000000eab00000, 0x00000000ee080000, 0x0000000100000000)
  eden space 28160K, 100% used [0x00000000eab00000,0x00000000ec680000,0x00000000ec680000)
  from space 3584K, 88% used [0x00000000edd00000,0x00000000ee018010,0x00000000ee080000)
  to   space 3584K, 0% used [0x00000000ed980000,0x00000000ed980000,0x00000000edd00000)
 ParOldGen       total 68608K, used 41695K [0x00000000c0000000, 0x00000000c4300000, 0x00000000eab00000)
  object space 68608K, 60% used [0x00000000c0000000,0x00000000c28b7d50,0x00000000c4300000)
 Metaspace       used 46052K, committed 47168K, reserved 1114112K
  class space    used 4869K, committed 5376K, reserved 1048576K
}
Event: 13.661 GC heap after
{Heap after GC invocations=35 (full 2):
 PSYoungGen      total 31232K, used 3558K [0x00000000eab00000, 0x00000000edd80000, 0x0000000100000000)
  eden space 27648K, 0% used [0x00000000eab00000,0x00000000eab00000,0x00000000ec600000)
  from space 3584K, 99% used [0x00000000ed980000,0x00000000edcf9978,0x00000000edd00000)
  to   space 512K, 0% used [0x00000000edd00000,0x00000000edd00000,0x00000000edd80000)
 ParOldGen       total 68608K, used 44743K [0x00000000c0000000, 0x00000000c4300000, 0x00000000eab00000)
  object space 68608K, 65% used [0x00000000c0000000,0x00000000c2bb1d60,0x00000000c4300000)
 Metaspace       used 46052K, committed 47168K, reserved 1114112K
  class space    used 4869K, committed 5376K, reserved 1048576K
}

