# JRE version: OpenJDK Runtime Environment Temurin-21.0.7+6 (21.0.7+6) (build 21.0.7+6-LTS)
# Java VM: OpenJDK 64-Bit Server VM Temurin-21.0.7+6 (21.0.7+6-LTS, mixed mode, sharing, tiered, compressed oops, compressed class ptrs, parallel gc, windows-amd64)
GC Precious Log:
 CardTable entry size: 512
 CPUs: 8 total, 8 available
 Memory: 16321M
 Large Page Support: Disabled
 NUMA Support: Disabled
 Compressed Oops: Enabled (32-bit)
 Alignments: Space 512K, Generation 512K, Heap 2M
 Heap Min Capacity: 100M
 Heap Initial Capacity: 100M
 Heap Max Capacity: 1G
 Pre-touch: Disabled
 Parallel Workers: 8
Heap:
 PSYoungGen      total 4096K, used 3232K [0x00000000eab00000, 0x00000000eb080000, 0x0000000100000000)
  eden space 3072K, 100% used [0x00000000eab00000,0x00000000eae00000,0x00000000eae00000)
  from space 1024K, 15% used [0x00000000eae80000,0x00000000eaea8000,0x00000000eaf80000)
  to   space 512K, 68% used [0x00000000eb000000,0x00000000eb058000,0x00000000eb080000)
 ParOldGen       total 565760K, used 565701K [0x00000000c0000000, 0x00000000e2880000, 0x00000000eab00000)
  object space 565760K, 99% used [0x00000000c0000000,0x00000000e2871590,0x00000000e2880000)
 Metaspace       used 75202K, committed 76800K, reserved 1179648K
  class space    used 7628K, committed 8384K, reserved 1048576K
GC Heap History (20 events):
Event: 576.942 GC heap after
{Heap after GC invocations=6567 (full 7):
 PSYoungGen      total 2048K, used 1019K [0x00000000eab00000, 0x00000000eb100000, 0x0000000100000000)
  eden space 1024K, 0% used [0x00000000eab00000,0x00000000eab00000,0x00000000eac00000)
  from space 1024K, 99% used [0x00000000eae00000,0x00000000eaefec20,0x00000000eaf00000)
  to   space 2048K, 0% used [0x00000000eac00000,0x00000000eac00000,0x00000000eae00000)
 ParOldGen       total 560128K, used 559730K [0x00000000c0000000, 0x00000000e2300000, 0x00000000eab00000)
  object space 560128K, 99% used [0x00000000c0000000,0x00000000e229c9f8,0x00000000e2300000)
 Metaspace       used 74933K, committed 76416K, reserved 1179648K
  class space    used 7588K, committed 8256K, reserved 1048576K
}
Event: 576.944 GC heap before
{Heap before GC invocations=6568 (full 7):
 PSYoungGen      total 2048K, used 2043K [0x00000000eab00000, 0x00000000eb100000, 0x0000000100000000)
  eden space 1024K, 100% used [0x00000000eab00000,0x00000000eac00000,0x00000000eac00000)
  from space 1024K, 99% used [0x00000000eae00000,0x00000000eaefec20,0x00000000eaf00000)
  to   space 2048K, 0% used [0x00000000eac00000,0x00000000eac00000,0x00000000eae00000)
 ParOldGen       total 560128K, used 559730K [0x00000000c0000000, 0x00000000e2300000, 0x00000000eab00000)
  object space 560128K, 99% used [0x00000000c0000000,0x00000000e229c9f8,0x00000000e2300000)
 Metaspace       used 74933K, committed 76416K, reserved 1179648K
  class space    used 7588K, committed 8256K, reserved 1048576K
}
Event: 576.946 GC heap after
{Heap after GC invocations=6568 (full 7):
 PSYoungGen      total 2048K, used 512K [0x00000000eab00000, 0x00000000eae80000, 0x0000000100000000)
  eden space 1024K, 0% used [0x00000000eab00000,0x00000000eab00000,0x00000000eac00000)
  from space 1024K, 50% used [0x00000000eac00000,0x00000000eac80010,0x00000000ead00000)
  to   space 1024K, 0% used [0x00000000ead80000,0x00000000ead80000,0x00000000eae80000)
 ParOldGen       total 561152K, used 560731K [0x00000000c0000000, 0x00000000e2400000, 0x00000000eab00000)
  object space 561152K, 99% used [0x00000000c0000000,0x00000000e2396ee0,0x00000000e2400000)
 Metaspace       used 74933K, committed 76416K, reserved 1179648K
  class space    used 7588K, committed 8256K, reserved 1048576K
}
Event: 576.950 GC heap before
{Heap before GC invocations=6569 (full 7):
 PSYoungGen      total 2048K, used 1536K [0x00000000eab00000, 0x00000000eae80000, 0x0000000100000000)
  eden space 1024K, 100% used [0x00000000eab00000,0x00000000eac00000,0x00000000eac00000)
  from space 1024K, 50% used [0x00000000eac00000,0x00000000eac80010,0x00000000ead00000)
  to   space 1024K, 0% used [0x00000000ead80000,0x00000000ead80000,0x00000000eae80000)
 ParOldGen       total 561152K, used 560731K [0x00000000c0000000, 0x00000000e2400000, 0x00000000eab00000)
  object space 561152K, 99% used [0x00000000c0000000,0x00000000e2396ee0,0x00000000e2400000)
 Metaspace       used 74933K, committed 76416K, reserved 1179648K
  class space    used 7588K, committed 8256K, reserved 1048576K
}
Event: 576.951 GC heap after
{Heap after GC invocations=6569 (full 7):
 PSYoungGen      total 2560K, used 719K [0x00000000eab00000, 0x00000000eae80000, 0x0000000100000000)
  eden space 1536K, 0% used [0x00000000eab00000,0x00000000eab00000,0x00000000eac80000)
  from space 1024K, 70% used [0x00000000ead80000,0x00000000eae33fb0,0x00000000eae80000)
  to   space 1024K, 0% used [0x00000000eac80000,0x00000000eac80000,0x00000000ead80000)
 ParOldGen       total 561152K, used 561139K [0x00000000c0000000, 0x00000000e2400000, 0x00000000eab00000)
  object space 561152K, 99% used [0x00000000c0000000,0x00000000e23fcf00,0x00000000e2400000)
 Metaspace       used 74933K, committed 76416K, reserved 1179648K
  class space    used 7588K, committed 8256K, reserved 1048576K
}
Event: 576.956 GC heap before
{Heap before GC invocations=6570 (full 7):
 PSYoungGen      total 2560K, used 2255K [0x00000000eab00000, 0x00000000eae80000, 0x0000000100000000)
  eden space 1536K, 100% used [0x00000000eab00000,0x00000000eac80000,0x00000000eac80000)
  from space 1024K, 70% used [0x00000000ead80000,0x00000000eae33fb0,0x00000000eae80000)
  to   space 1024K, 0% used [0x00000000eac80000,0x00000000eac80000,0x00000000ead80000)
 ParOldGen       total 561152K, used 561139K [0x00000000c0000000, 0x00000000e2400000, 0x00000000eab00000)
  object space 561152K, 99% used [0x00000000c0000000,0x00000000e23fcf00,0x00000000e2400000)
 Metaspace       used 74933K, committed 76416K, reserved 1179648K
  class space    used 7588K, committed 8256K, reserved 1048576K
}
Event: 576.958 GC heap after
{Heap after GC invocations=6570 (full 7):
 PSYoungGen      total 2560K, used 1000K [0x00000000eab00000, 0x00000000eb100000, 0x0000000100000000)
  eden space 1536K, 0% used [0x00000000eab00000,0x00000000eab00000,0x00000000eac80000)
  from space 1024K, 97% used [0x00000000eac80000,0x00000000ead7a0c0,0x00000000ead80000)
  to   space 2048K, 0% used [0x00000000eaf00000,0x00000000eaf00000,0x00000000eb100000)
 ParOldGen       total 562176K, used 561836K [0x00000000c0000000, 0x00000000e2500000, 0x00000000eab00000)
  object space 562176K, 99% used [0x00000000c0000000,0x00000000e24ab060,0x00000000e2500000)
 Metaspace       used 74933K, committed 76416K, reserved 1179648K
  class space    used 7588K, committed 8256K, reserved 1048576K
}
Event: 576.963 GC heap before
{Heap before GC invocations=6571 (full 7):
 PSYoungGen      total 2560K, used 2536K [0x00000000eab00000, 0x00000000eb100000, 0x0000000100000000)
  eden space 1536K, 100% used [0x00000000eab00000,0x00000000eac80000,0x00000000eac80000)
  from space 1024K, 97% used [0x00000000eac80000,0x00000000ead7a0c0,0x00000000ead80000)
  to   space 2048K, 0% used [0x00000000eaf00000,0x00000000eaf00000,0x00000000eb100000)
 ParOldGen       total 562176K, used 561836K [0x00000000c0000000, 0x00000000e2500000, 0x00000000eab00000)
  object space 562176K, 99% used [0x00000000c0000000,0x00000000e24ab060,0x00000000e2500000)
 Metaspace       used 74933K, committed 76416K, reserved 1179648K
  class space    used 7588K, committed 8256K, reserved 1048576K
}
Event: 576.965 GC heap after
{Heap after GC invocations=6571 (full 7):
 PSYoungGen      total 3072K, used 757K [0x00000000eab00000, 0x00000000eb000000, 0x0000000100000000)
  eden space 2048K, 0% used [0x00000000eab00000,0x00000000eab00000,0x00000000ead00000)
  from space 1024K, 73% used [0x00000000eaf00000,0x00000000eafbd5b8,0x00000000eb000000)
  to   space 1536K, 0% used [0x00000000ead00000,0x00000000ead00000,0x00000000eae80000)
 ParOldGen       total 563200K, used 562712K [0x00000000c0000000, 0x00000000e2600000, 0x00000000eab00000)
  object space 563200K, 99% used [0x00000000c0000000,0x00000000e2586328,0x00000000e2600000)
 Metaspace       used 74933K, committed 76416K, reserved 1179648K
  class space    used 7588K, committed 8256K, reserved 1048576K
}
Event: 576.971 GC heap before
{Heap before GC invocations=6572 (full 7):
 PSYoungGen      total 3072K, used 2805K [0x00000000eab00000, 0x00000000eb000000, 0x0000000100000000)
  eden space 2048K, 100% used [0x00000000eab00000,0x00000000ead00000,0x00000000ead00000)
  from space 1024K, 73% used [0x00000000eaf00000,0x00000000eafbd5b8,0x00000000eb000000)
  to   space 1536K, 0% used [0x00000000ead00000,0x00000000ead00000,0x00000000eae80000)
 ParOldGen       total 563200K, used 562712K [0x00000000c0000000, 0x00000000e2600000, 0x00000000eab00000)
  object space 563200K, 99% used [0x00000000c0000000,0x00000000e2586328,0x00000000e2600000)
 Metaspace       used 74933K, committed 76416K, reserved 1179648K
  class space    used 7588K, committed 8256K, reserved 1048576K
}
Event: 576.972 GC heap after
{Heap after GC invocations=6572 (full 7):
 PSYoungGen      total 3584K, used 996K [0x00000000eab00000, 0x00000000eb080000, 0x0000000100000000)
  eden space 2048K, 0% used [0x00000000eab00000,0x00000000eab00000,0x00000000ead00000)
  from space 1536K, 64% used [0x00000000ead00000,0x00000000eadf9188,0x00000000eae80000)
  to   space 1536K, 0% used [0x00000000eaf00000,0x00000000eaf00000,0x00000000eb080000)
 ParOldGen       total 563712K, used 563372K [0x00000000c0000000, 0x00000000e2680000, 0x00000000eab00000)
  object space 563712K, 99% used [0x00000000c0000000,0x00000000e262b390,0x00000000e2680000)
 Metaspace       used 74933K, committed 76416K, reserved 1179648K
  class space    used 7588K, committed 8256K, reserved 1048576K
}
Event: 576.982 GC heap before
{Heap before GC invocations=6573 (full 7):
 PSYoungGen      total 3584K, used 3044K [0x00000000eab00000, 0x00000000eb080000, 0x0000000100000000)
  eden space 2048K, 100% used [0x00000000eab00000,0x00000000ead00000,0x00000000ead00000)
  from space 1536K, 64% used [0x00000000ead00000,0x00000000eadf9188,0x00000000eae80000)
  to   space 1536K, 0% used [0x00000000eaf00000,0x00000000eaf00000,0x00000000eb080000)
 ParOldGen       total 563712K, used 563372K [0x00000000c0000000, 0x00000000e2680000, 0x00000000eab00000)
  object space 563712K, 99% used [0x00000000c0000000,0x00000000e262b390,0x00000000e2680000)
 Metaspace       used 74934K, committed 76416K, reserved 1179648K
  class space    used 7588K, committed 8256K, reserved 1048576K
}
Event: 576.985 GC heap after
{Heap after GC invocations=6573 (full 7):
 PSYoungGen      total 3584K, used 576K [0x00000000eab00000, 0x00000000eb000000, 0x0000000100000000)
  eden space 2560K, 0% used [0x00000000eab00000,0x00000000eab00000,0x00000000ead80000)
  from space 1024K, 56% used [0x00000000eaf00000,0x00000000eaf90000,0x00000000eb000000)
  to   space 1024K, 0% used [0x00000000eae00000,0x00000000eae00000,0x00000000eaf00000)
 ParOldGen       total 564224K, used 564180K [0x00000000c0000000, 0x00000000e2700000, 0x00000000eab00000)
  object space 564224K, 99% used [0x00000000c0000000,0x00000000e26f52d8,0x00000000e2700000)
 Metaspace       used 74934K, committed 76416K, reserved 1179648K
  class space    used 7588K, committed 8256K, reserved 1048576K
}
Event: 576.993 GC heap before
{Heap before GC invocations=6574 (full 7):
 PSYoungGen      total 3584K, used 3136K [0x00000000eab00000, 0x00000000eb000000, 0x0000000100000000)
  eden space 2560K, 100% used [0x00000000eab00000,0x00000000ead80000,0x00000000ead80000)
  from space 1024K, 56% used [0x00000000eaf00000,0x00000000eaf90000,0x00000000eb000000)
  to   space 1024K, 0% used [0x00000000eae00000,0x00000000eae00000,0x00000000eaf00000)
 ParOldGen       total 564224K, used 564180K [0x00000000c0000000, 0x00000000e2700000, 0x00000000eab00000)
  object space 564224K, 99% used [0x00000000c0000000,0x00000000e26f52d8,0x00000000e2700000)
 Metaspace       used 74934K, committed 76416K, reserved 1179648K
  class space    used 7588K, committed 8256K, reserved 1048576K
}
Event: 576.995 GC heap after
{Heap after GC invocations=6574 (full 7):
 PSYoungGen      total 4096K, used 1017K [0x00000000eab00000, 0x00000000eb200000, 0x0000000100000000)
  eden space 3072K, 0% used [0x00000000eab00000,0x00000000eab00000,0x00000000eae00000)
  from space 1024K, 99% used [0x00000000eae00000,0x00000000eaefe620,0x00000000eaf00000)
  to   space 2048K, 0% used [0x00000000eb000000,0x00000000eb000000,0x00000000eb200000)
 ParOldGen       total 564736K, used 564704K [0x00000000c0000000, 0x00000000e2780000, 0x00000000eab00000)
  object space 564736K, 99% used [0x00000000c0000000,0x00000000e27782e8,0x00000000e2780000)
 Metaspace       used 74934K, committed 76416K, reserved 1179648K
  class space    used 7588K, committed 8256K, reserved 1048576K
}
Event: 583.031 GC heap before
{Heap before GC invocations=6575 (full 7):
 PSYoungGen      total 4096K, used 4089K [0x00000000eab00000, 0x00000000eb200000, 0x0000000100000000)
  eden space 3072K, 99% used [0x00000000eab00000,0x00000000eadffff8,0x00000000eae00000)
  from space 1024K, 99% used [0x00000000eae00000,0x00000000eaefe620,0x00000000eaf00000)
  to   space 2048K, 0% used [0x00000000eb000000,0x00000000eb000000,0x00000000eb200000)
 ParOldGen       total 564736K, used 564704K [0x00000000c0000000, 0x00000000e2780000, 0x00000000eab00000)
  object space 564736K, 99% used [0x00000000c0000000,0x00000000e27782e8,0x00000000e2780000)
 Metaspace       used 75020K, committed 76544K, reserved 1179648K
  class space    used 7606K, committed 8320K, reserved 1048576K
}
Event: 583.033 GC heap after
{Heap after GC invocations=6575 (full 7):
 PSYoungGen      total 3584K, used 292K [0x00000000eab00000, 0x00000000eb080000, 0x0000000100000000)
  eden space 3072K, 0% used [0x00000000eab00000,0x00000000eab00000,0x00000000eae00000)
  from space 512K, 57% used [0x00000000eb000000,0x00000000eb049008,0x00000000eb080000)
  to   space 1024K, 0% used [0x00000000eae80000,0x00000000eae80000,0x00000000eaf80000)
 ParOldGen       total 565760K, used 565490K [0x00000000c0000000, 0x00000000e2880000, 0x00000000eab00000)
  object space 565760K, 99% used [0x00000000c0000000,0x00000000e283ca30,0x00000000e2880000)
 Metaspace       used 75020K, committed 76544K, reserved 1179648K
  class space    used 7606K, committed 8320K, reserved 1048576K
}
Event: 583.148 GC heap before
{Heap before GC invocations=6576 (full 7):
 PSYoungGen      total 3584K, used 3364K [0x00000000eab00000, 0x00000000eb080000, 0x0000000100000000)
  eden space 3072K, 100% used [0x00000000eab00000,0x00000000eae00000,0x00000000eae00000)
  from space 512K, 57% used [0x00000000eb000000,0x00000000eb049008,0x00000000eb080000)
  to   space 1024K, 0% used [0x00000000eae80000,0x00000000eae80000,0x00000000eaf80000)
 ParOldGen       total 565760K, used 565490K [0x00000000c0000000, 0x00000000e2880000, 0x00000000eab00000)
  object space 565760K, 99% used [0x00000000c0000000,0x00000000e283ca30,0x00000000e2880000)
 Metaspace       used 75040K, committed 76672K, reserved 1179648K
  class space    used 7608K, committed 8384K, reserved 1048576K
}
Event: 583.150 GC heap after
{Heap after GC invocations=6576 (full 7):
 PSYoungGen      total 4096K, used 160K [0x00000000eab00000, 0x00000000eb080000, 0x0000000100000000)
  eden space 3072K, 0% used [0x00000000eab00000,0x00000000eab00000,0x00000000eae00000)
  from space 1024K, 15% used [0x00000000eae80000,0x00000000eaea8000,0x00000000eaf80000)
  to   space 512K, 0% used [0x00000000eb000000,0x00000000eb000000,0x00000000eb080000)
 ParOldGen       total 565760K, used 565669K [0x00000000c0000000, 0x00000000e2880000, 0x00000000eab00000)
  object space 565760K, 99% used [0x00000000c0000000,0x00000000e2869590,0x00000000e2880000)
 Metaspace       used 75040K, committed 76672K, reserved 1179648K
  class space    used 7608K, committed 8384K, reserved 1048576K
}
Event: 583.374 GC heap before
{Heap before GC invocations=6577 (full 7):
 PSYoungGen      total 4096K, used 3232K [0x00000000eab00000, 0x00000000eb080000, 0x0000000100000000)
  eden space 3072K, 100% used [0x00000000eab00000,0x00000000eae00000,0x00000000eae00000)
  from space 1024K, 15% used [0x00000000eae80000,0x00000000eaea8000,0x00000000eaf80000)
  to   space 512K, 0% used [0x00000000eb000000,0x00000000eb000000,0x00000000eb080000)
 ParOldGen       total 565760K, used 565669K [0x00000000c0000000, 0x00000000e2880000, 0x00000000eab00000)
  object space 565760K, 99% used [0x00000000c0000000,0x00000000e2869590,0x00000000e2880000)
 Metaspace       used 75202K, committed 76800K, reserved 1179648K
  class space    used 7628K, committed 8384K, reserved 1048576K
}

