# JRE version: OpenJDK Runtime Environment Temurin-21.0.8+9 (21.0.8+9) (build 21.0.8+9-LTS)
# Java VM: OpenJDK 64-Bit Server VM Temurin-21.0.8+9 (21.0.8+9-LTS, mixed mode, sharing, tiered, compressed oops, compressed class ptrs, parallel gc, windows-amd64)
GC Precious Log:
 CardTable entry size: 512
 CPUs: 8 total, 8 available
 Memory: 16321M
 Large Page Support: Disabled
 NUMA Support: Disabled
 Compressed Oops: Enabled (32-bit)
 Alignments: Space 512K, Generation 512K, Heap 2M
 Heap Min Capacity: 100M
 Heap Initial Capacity: 100M
 Heap Max Capacity: 2G
 Pre-touch: Disabled
 Parallel Workers: 8
Heap:
 PSYoungGen      total 62976K, used 583K [0x00000000d5580000, 0x00000000d9b00000, 0x0000000100000000)
  eden space 61952K, 0% used [0x00000000d5580000,0x00000000d5580000,0x00000000d9200000)
  from space 1024K, 56% used [0x00000000d9a00000,0x00000000d9a91cc8,0x00000000d9b00000)
  to   space 3072K, 0% used [0x00000000d9500000,0x00000000d9500000,0x00000000d9800000)
 ParOldGen       total 68608K, used 67581K [0x0000000080000000, 0x0000000084300000, 0x00000000d5580000)
  object space 68608K, 98% used [0x0000000080000000,0x00000000841ff778,0x0000000084300000)
 Metaspace       used 20680K, committed 21504K, reserved 1114112K
  class space    used 2140K, committed 2560K, reserved 1048576K
GC Heap History (20 events):
Event: 12.382 GC heap after
{Heap after GC invocations=17 (full 0):
 PSYoungGen      total 22528K, used 0K [0x00000000d5580000, 0x00000000d7600000, 0x0000000100000000)
  eden space 22016K, 0% used [0x00000000d5580000,0x00000000d5580000,0x00000000d6b00000)
  from space 512K, 0% used [0x00000000d7500000,0x00000000d7500000,0x00000000d7580000)
  to   space 512K, 0% used [0x00000000d7580000,0x00000000d7580000,0x00000000d7600000)
 ParOldGen       total 68608K, used 31493K [0x0000000080000000, 0x0000000084300000, 0x00000000d5580000)
  object space 68608K, 45% used [0x0000000080000000,0x0000000081ec16c0,0x0000000084300000)
 Metaspace       used 16255K, committed 16832K, reserved 1114112K
  class space    used 1651K, committed 1920K, reserved 1048576K
}
Event: 12.385 GC heap before
{Heap before GC invocations=18 (full 0):
 PSYoungGen      total 22528K, used 21020K [0x00000000d5580000, 0x00000000d7600000, 0x0000000100000000)
  eden space 22016K, 95% used [0x00000000d5580000,0x00000000d6a07040,0x00000000d6b00000)
  from space 512K, 0% used [0x00000000d7500000,0x00000000d7500000,0x00000000d7580000)
  to   space 512K, 0% used [0x00000000d7580000,0x00000000d7580000,0x00000000d7600000)
 ParOldGen       total 68608K, used 31493K [0x0000000080000000, 0x0000000084300000, 0x00000000d5580000)
  object space 68608K, 45% used [0x0000000080000000,0x0000000081ec16c0,0x0000000084300000)
 Metaspace       used 16255K, committed 16832K, reserved 1114112K
  class space    used 1651K, committed 1920K, reserved 1048576K
}
Event: 12.386 GC heap after
{Heap after GC invocations=18 (full 0):
 PSYoungGen      total 22528K, used 0K [0x00000000d5580000, 0x00000000d7600000, 0x0000000100000000)
  eden space 22016K, 0% used [0x00000000d5580000,0x00000000d5580000,0x00000000d6b00000)
  from space 512K, 0% used [0x00000000d7580000,0x00000000d7580000,0x00000000d7600000)
  to   space 512K, 0% used [0x00000000d7500000,0x00000000d7500000,0x00000000d7580000)
 ParOldGen       total 68608K, used 33405K [0x0000000080000000, 0x0000000084300000, 0x00000000d5580000)
  object space 68608K, 48% used [0x0000000080000000,0x000000008209f6c0,0x0000000084300000)
 Metaspace       used 16255K, committed 16832K, reserved 1114112K
  class space    used 1651K, committed 1920K, reserved 1048576K
}
Event: 12.389 GC heap before
{Heap before GC invocations=19 (full 0):
 PSYoungGen      total 22528K, used 21988K [0x00000000d5580000, 0x00000000d7600000, 0x0000000100000000)
  eden space 22016K, 99% used [0x00000000d5580000,0x00000000d6af9208,0x00000000d6b00000)
  from space 512K, 0% used [0x00000000d7580000,0x00000000d7580000,0x00000000d7600000)
  to   space 512K, 0% used [0x00000000d7500000,0x00000000d7500000,0x00000000d7580000)
 ParOldGen       total 68608K, used 33405K [0x0000000080000000, 0x0000000084300000, 0x00000000d5580000)
  object space 68608K, 48% used [0x0000000080000000,0x000000008209f6c0,0x0000000084300000)
 Metaspace       used 16255K, committed 16832K, reserved 1114112K
  class space    used 1651K, committed 1920K, reserved 1048576K
}
Event: 12.390 GC heap after
{Heap after GC invocations=19 (full 0):
 PSYoungGen      total 31744K, used 0K [0x00000000d5580000, 0x00000000d7600000, 0x0000000100000000)
  eden space 31232K, 0% used [0x00000000d5580000,0x00000000d5580000,0x00000000d7400000)
  from space 512K, 0% used [0x00000000d7500000,0x00000000d7500000,0x00000000d7580000)
  to   space 512K, 0% used [0x00000000d7580000,0x00000000d7580000,0x00000000d7600000)
 ParOldGen       total 68608K, used 37405K [0x0000000080000000, 0x0000000084300000, 0x00000000d5580000)
  object space 68608K, 54% used [0x0000000080000000,0x00000000824876c0,0x0000000084300000)
 Metaspace       used 16255K, committed 16832K, reserved 1114112K
  class space    used 1651K, committed 1920K, reserved 1048576K
}
Event: 12.394 GC heap before
{Heap before GC invocations=20 (full 0):
 PSYoungGen      total 31744K, used 29448K [0x00000000d5580000, 0x00000000d7600000, 0x0000000100000000)
  eden space 31232K, 94% used [0x00000000d5580000,0x00000000d7242270,0x00000000d7400000)
  from space 512K, 0% used [0x00000000d7500000,0x00000000d7500000,0x00000000d7580000)
  to   space 512K, 0% used [0x00000000d7580000,0x00000000d7580000,0x00000000d7600000)
 ParOldGen       total 68608K, used 37405K [0x0000000080000000, 0x0000000084300000, 0x00000000d5580000)
  object space 68608K, 54% used [0x0000000080000000,0x00000000824876c0,0x0000000084300000)
 Metaspace       used 16255K, committed 16832K, reserved 1114112K
  class space    used 1651K, committed 1920K, reserved 1048576K
}
Event: 12.395 GC heap after
{Heap after GC invocations=20 (full 0):
 PSYoungGen      total 32768K, used 0K [0x00000000d5580000, 0x00000000d8180000, 0x0000000100000000)
  eden space 32256K, 0% used [0x00000000d5580000,0x00000000d5580000,0x00000000d7500000)
  from space 512K, 0% used [0x00000000d7580000,0x00000000d7580000,0x00000000d7600000)
  to   space 512K, 0% used [0x00000000d7500000,0x00000000d7500000,0x00000000d7580000)
 ParOldGen       total 68608K, used 41629K [0x0000000080000000, 0x0000000084300000, 0x00000000d5580000)
  object space 68608K, 60% used [0x0000000080000000,0x00000000828a76c0,0x0000000084300000)
 Metaspace       used 16255K, committed 16832K, reserved 1114112K
  class space    used 1651K, committed 1920K, reserved 1048576K
}
Event: 12.399 GC heap before
{Heap before GC invocations=21 (full 0):
 PSYoungGen      total 32768K, used 31037K [0x00000000d5580000, 0x00000000d8180000, 0x0000000100000000)
  eden space 32256K, 96% used [0x00000000d5580000,0x00000000d73cf410,0x00000000d7500000)
  from space 512K, 0% used [0x00000000d7580000,0x00000000d7580000,0x00000000d7600000)
  to   space 512K, 0% used [0x00000000d7500000,0x00000000d7500000,0x00000000d7580000)
 ParOldGen       total 68608K, used 41629K [0x0000000080000000, 0x0000000084300000, 0x00000000d5580000)
  object space 68608K, 60% used [0x0000000080000000,0x00000000828a76c0,0x0000000084300000)
 Metaspace       used 16255K, committed 16832K, reserved 1114112K
  class space    used 1651K, committed 1920K, reserved 1048576K
}
Event: 12.400 GC heap after
{Heap after GC invocations=21 (full 0):
 PSYoungGen      total 32768K, used 0K [0x00000000d5580000, 0x00000000d8300000, 0x0000000100000000)
  eden space 32256K, 0% used [0x00000000d5580000,0x00000000d5580000,0x00000000d7500000)
  from space 512K, 0% used [0x00000000d7500000,0x00000000d7500000,0x00000000d7580000)
  to   space 512K, 0% used [0x00000000d8280000,0x00000000d8280000,0x00000000d8300000)
 ParOldGen       total 68608K, used 46077K [0x0000000080000000, 0x0000000084300000, 0x00000000d5580000)
  object space 68608K, 67% used [0x0000000080000000,0x0000000082cff6c0,0x0000000084300000)
 Metaspace       used 16255K, committed 16832K, reserved 1114112K
  class space    used 1651K, committed 1920K, reserved 1048576K
}
Event: 12.404 GC heap before
{Heap before GC invocations=22 (full 0):
 PSYoungGen      total 32768K, used 30269K [0x00000000d5580000, 0x00000000d8300000, 0x0000000100000000)
  eden space 32256K, 93% used [0x00000000d5580000,0x00000000d730f510,0x00000000d7500000)
  from space 512K, 0% used [0x00000000d7500000,0x00000000d7500000,0x00000000d7580000)
  to   space 512K, 0% used [0x00000000d8280000,0x00000000d8280000,0x00000000d8300000)
 ParOldGen       total 68608K, used 46077K [0x0000000080000000, 0x0000000084300000, 0x00000000d5580000)
  object space 68608K, 67% used [0x0000000080000000,0x0000000082cff6c0,0x0000000084300000)
 Metaspace       used 16255K, committed 16832K, reserved 1114112K
  class space    used 1651K, committed 1920K, reserved 1048576K
}
Event: 12.405 GC heap after
{Heap after GC invocations=22 (full 0):
 PSYoungGen      total 46080K, used 0K [0x00000000d5580000, 0x00000000d8300000, 0x0000000100000000)
  eden space 45568K, 0% used [0x00000000d5580000,0x00000000d5580000,0x00000000d8200000)
  from space 512K, 0% used [0x00000000d8280000,0x00000000d8280000,0x00000000d8300000)
  to   space 512K, 0% used [0x00000000d8200000,0x00000000d8200000,0x00000000d8280000)
 ParOldGen       total 68608K, used 50733K [0x0000000080000000, 0x0000000084300000, 0x00000000d5580000)
  object space 68608K, 73% used [0x0000000080000000,0x000000008318b6c0,0x0000000084300000)
 Metaspace       used 16255K, committed 16832K, reserved 1114112K
  class space    used 1651K, committed 1920K, reserved 1048576K
}
Event: 12.414 GC heap before
{Heap before GC invocations=23 (full 0):
 PSYoungGen      total 46080K, used 44223K [0x00000000d5580000, 0x00000000d8300000, 0x0000000100000000)
  eden space 45568K, 97% used [0x00000000d5580000,0x00000000d80afc10,0x00000000d8200000)
  from space 512K, 0% used [0x00000000d8280000,0x00000000d8280000,0x00000000d8300000)
  to   space 512K, 0% used [0x00000000d8200000,0x00000000d8200000,0x00000000d8280000)
 ParOldGen       total 68608K, used 50733K [0x0000000080000000, 0x0000000084300000, 0x00000000d5580000)
  object space 68608K, 73% used [0x0000000080000000,0x000000008318b6c0,0x0000000084300000)
 Metaspace       used 16255K, committed 16832K, reserved 1114112K
  class space    used 1651K, committed 1920K, reserved 1048576K
}
Event: 12.416 GC heap after
{Heap after GC invocations=23 (full 0):
 PSYoungGen      total 46080K, used 32K [0x00000000d5580000, 0x00000000d9500000, 0x0000000100000000)
  eden space 45568K, 0% used [0x00000000d5580000,0x00000000d5580000,0x00000000d8200000)
  from space 512K, 6% used [0x00000000d8200000,0x00000000d8208000,0x00000000d8280000)
  to   space 512K, 0% used [0x00000000d9480000,0x00000000d9480000,0x00000000d9500000)
 ParOldGen       total 68608K, used 55677K [0x0000000080000000, 0x0000000084300000, 0x00000000d5580000)
  object space 68608K, 81% used [0x0000000080000000,0x000000008365f6c0,0x0000000084300000)
 Metaspace       used 16255K, committed 16832K, reserved 1114112K
  class space    used 1651K, committed 1920K, reserved 1048576K
}
Event: 12.421 GC heap before
{Heap before GC invocations=24 (full 0):
 PSYoungGen      total 46080K, used 44169K [0x00000000d5580000, 0x00000000d9500000, 0x0000000100000000)
  eden space 45568K, 96% used [0x00000000d5580000,0x00000000d809a4d0,0x00000000d8200000)
  from space 512K, 6% used [0x00000000d8200000,0x00000000d8208000,0x00000000d8280000)
  to   space 512K, 0% used [0x00000000d9480000,0x00000000d9480000,0x00000000d9500000)
 ParOldGen       total 68608K, used 55677K [0x0000000080000000, 0x0000000084300000, 0x00000000d5580000)
  object space 68608K, 81% used [0x0000000080000000,0x000000008365f6c0,0x0000000084300000)
 Metaspace       used 16255K, committed 16832K, reserved 1114112K
  class space    used 1651K, committed 1920K, reserved 1048576K
}
Event: 12.422 GC heap after
{Heap after GC invocations=24 (full 0):
 PSYoungGen      total 64512K, used 0K [0x00000000d5580000, 0x00000000d9500000, 0x0000000100000000)
  eden space 64000K, 0% used [0x00000000d5580000,0x00000000d5580000,0x00000000d9400000)
  from space 512K, 0% used [0x00000000d9480000,0x00000000d9480000,0x00000000d9500000)
  to   space 512K, 0% used [0x00000000d9400000,0x00000000d9400000,0x00000000d9480000)
 ParOldGen       total 68608K, used 60901K [0x0000000080000000, 0x0000000084300000, 0x00000000d5580000)
  object space 68608K, 88% used [0x0000000080000000,0x0000000083b796c0,0x0000000084300000)
 Metaspace       used 16255K, committed 16832K, reserved 1114112K
  class space    used 1651K, committed 1920K, reserved 1048576K
}
Event: 18.558 GC heap before
{Heap before GC invocations=25 (full 0):
 PSYoungGen      total 64512K, used 64000K [0x00000000d5580000, 0x00000000d9500000, 0x0000000100000000)
  eden space 64000K, 100% used [0x00000000d5580000,0x00000000d9400000,0x00000000d9400000)
  from space 512K, 0% used [0x00000000d9480000,0x00000000d9480000,0x00000000d9500000)
  to   space 512K, 0% used [0x00000000d9400000,0x00000000d9400000,0x00000000d9480000)
 ParOldGen       total 68608K, used 60901K [0x0000000080000000, 0x0000000084300000, 0x00000000d5580000)
  object space 68608K, 88% used [0x0000000080000000,0x0000000083b796c0,0x0000000084300000)
 Metaspace       used 19827K, committed 20544K, reserved 1114112K
  class space    used 2029K, committed 2368K, reserved 1048576K
}
Event: 18.562 GC heap after
{Heap after GC invocations=25 (full 0):
 PSYoungGen      total 62464K, used 499K [0x00000000d5580000, 0x00000000da200000, 0x0000000100000000)
  eden space 61952K, 0% used [0x00000000d5580000,0x00000000d5580000,0x00000000d9200000)
  from space 512K, 97% used [0x00000000d9400000,0x00000000d947cf88,0x00000000d9480000)
  to   space 8192K, 0% used [0x00000000d9a00000,0x00000000d9a00000,0x00000000da200000)
 ParOldGen       total 68608K, used 67044K [0x0000000080000000, 0x0000000084300000, 0x00000000d5580000)
  object space 68608K, 97% used [0x0000000080000000,0x0000000084179328,0x0000000084300000)
 Metaspace       used 19827K, committed 20544K, reserved 1114112K
  class space    used 2029K, committed 2368K, reserved 1048576K
}
Event: 18.618 GC heap before
{Heap before GC invocations=26 (full 0):
 PSYoungGen      total 62464K, used 8959K [0x00000000d5580000, 0x00000000da200000, 0x0000000100000000)
  eden space 61952K, 13% used [0x00000000d5580000,0x00000000d5dc2e10,0x00000000d9200000)
  from space 512K, 97% used [0x00000000d9400000,0x00000000d947cf88,0x00000000d9480000)
  to   space 8192K, 0% used [0x00000000d9a00000,0x00000000d9a00000,0x00000000da200000)
 ParOldGen       total 68608K, used 67044K [0x0000000080000000, 0x0000000084300000, 0x00000000d5580000)
  object space 68608K, 97% used [0x0000000080000000,0x0000000084179328,0x0000000084300000)
 Metaspace       used 20680K, committed 21504K, reserved 1114112K
  class space    used 2140K, committed 2560K, reserved 1048576K
}
Event: 18.619 GC heap after
{Heap after GC invocations=26 (full 0):
 PSYoungGen      total 62976K, used 583K [0x00000000d5580000, 0x00000000d9b00000, 0x0000000100000000)
  eden space 61952K, 0% used [0x00000000d5580000,0x00000000d5580000,0x00000000d9200000)
  from space 1024K, 56% used [0x00000000d9a00000,0x00000000d9a91cc8,0x00000000d9b00000)
  to   space 3072K, 0% used [0x00000000d9500000,0x00000000d9500000,0x00000000d9800000)
 ParOldGen       total 68608K, used 67581K [0x0000000080000000, 0x0000000084300000, 0x00000000d5580000)
  object space 68608K, 98% used [0x0000000080000000,0x00000000841ff778,0x0000000084300000)
 Metaspace       used 20680K, committed 21504K, reserved 1114112K
  class space    used 2140K, committed 2560K, reserved 1048576K
}
Event: 18.619 GC heap before
{Heap before GC invocations=27 (full 1):
 PSYoungGen      total 62976K, used 583K [0x00000000d5580000, 0x00000000d9b00000, 0x0000000100000000)
  eden space 61952K, 0% used [0x00000000d5580000,0x00000000d5580000,0x00000000d9200000)
  from space 1024K, 56% used [0x00000000d9a00000,0x00000000d9a91cc8,0x00000000d9b00000)
  to   space 3072K, 0% used [0x00000000d9500000,0x00000000d9500000,0x00000000d9800000)
 ParOldGen       total 68608K, used 67581K [0x0000000080000000, 0x0000000084300000, 0x00000000d5580000)
  object space 68608K, 98% used [0x0000000080000000,0x00000000841ff778,0x0000000084300000)
 Metaspace       used 20680K, committed 21504K, reserved 1114112K
  class space    used 2140K, committed 2560K, reserved 1048576K
}

