# JRE version: Java(TM) SE Runtime Environment (17.0.12+8) (build 17.0.12+8-LTS-286)
# Java VM: Java HotSpot(TM) 64-Bit Server VM (17.0.12+8-LTS-286, mixed mode, sharing, tiered, compressed oops, compressed class ptrs, g1 gc, windows-amd64)
GC Precious Log:
 CPUs: 8 total, 8 available
 Memory: 16321M
 Large Page Support: Disabled
 NUMA Support: Disabled
 Compressed Oops: Enabled (32-bit)
 Heap Region Size: 1M
 Heap Min Capacity: 8M
 Heap Initial Capacity: 256M
 Heap Max Capacity: 2G
 Pre-touch: Disabled
 Parallel Workers: 8
 Concurrent Workers: 2
 Concurrent Refinement Workers: 8
 Periodic GC: Disabled
Heap:
 garbage-first heap   total 398336K, used 268821K [0x0000000080000000, 0x0000000100000000)
  region size 1024K, 18 young (18432K), 8 survivors (8192K)
 Metaspace       used 117301K, committed 118848K, reserved 557056K
  class space    used 16363K, committed 17088K, reserved 425984K
GC Heap History (20 events):
Event: 25.165 GC heap before
{Heap before GC invocations=57 (full 0):
 garbage-first heap   total 283648K, used 237855K [0x0000000080000000, 0x0000000100000000)
  region size 1024K, 32 young (32768K), 4 survivors (4096K)
 Metaspace       used 109406K, committed 110784K, reserved 557056K
  class space    used 15210K, committed 15872K, reserved 425984K
}
Event: 25.168 GC heap after
{Heap after GC invocations=58 (full 0):
 garbage-first heap   total 373760K, used 212002K [0x0000000080000000, 0x0000000100000000)
  region size 1024K, 4 young (4096K), 4 survivors (4096K)
 Metaspace       used 109406K, committed 110784K, reserved 557056K
  class space    used 15210K, committed 15872K, reserved 425984K
}
Event: 25.443 GC heap before
{Heap before GC invocations=58 (full 0):
 garbage-first heap   total 373760K, used 302114K [0x0000000080000000, 0x0000000100000000)
  region size 1024K, 93 young (95232K), 4 survivors (4096K)
 Metaspace       used 109406K, committed 110784K, reserved 557056K
  class space    used 15210K, committed 15872K, reserved 425984K
}
Event: 25.447 GC heap after
{Heap after GC invocations=59 (full 0):
 garbage-first heap   total 373760K, used 214861K [0x0000000080000000, 0x0000000100000000)
  region size 1024K, 7 young (7168K), 7 survivors (7168K)
 Metaspace       used 109406K, committed 110784K, reserved 557056K
  class space    used 15210K, committed 15872K, reserved 425984K
}
Event: 25.897 GC heap before
{Heap before GC invocations=59 (full 0):
 garbage-first heap   total 373760K, used 255821K [0x0000000080000000, 0x0000000100000000)
  region size 1024K, 45 young (46080K), 7 survivors (7168K)
 Metaspace       used 109984K, committed 111360K, reserved 557056K
  class space    used 15315K, committed 15936K, reserved 425984K
}
Event: 25.903 GC heap after
{Heap after GC invocations=60 (full 0):
 garbage-first heap   total 373760K, used 225444K [0x0000000080000000, 0x0000000100000000)
  region size 1024K, 13 young (13312K), 13 survivors (13312K)
 Metaspace       used 109984K, committed 111360K, reserved 557056K
  class space    used 15315K, committed 15936K, reserved 425984K
}
Event: 26.854 GC heap before
{Heap before GC invocations=61 (full 0):
 garbage-first heap   total 398336K, used 303268K [0x0000000080000000, 0x0000000100000000)
  region size 1024K, 90 young (92160K), 13 survivors (13312K)
 Metaspace       used 113179K, committed 114688K, reserved 557056K
  class space    used 15832K, committed 16512K, reserved 425984K
}
Event: 26.864 GC heap after
{Heap after GC invocations=62 (full 0):
 garbage-first heap   total 398336K, used 231974K [0x0000000080000000, 0x0000000100000000)
  region size 1024K, 7 young (7168K), 7 survivors (7168K)
 Metaspace       used 113179K, committed 114688K, reserved 557056K
  class space    used 15832K, committed 16512K, reserved 425984K
}
Event: 27.001 GC heap before
{Heap before GC invocations=62 (full 0):
 garbage-first heap   total 398336K, used 244262K [0x0000000080000000, 0x0000000100000000)
  region size 1024K, 19 young (19456K), 7 survivors (7168K)
 Metaspace       used 113737K, committed 115200K, reserved 557056K
  class space    used 15912K, committed 16576K, reserved 425984K
}
Event: 27.015 GC heap after
{Heap after GC invocations=63 (full 0):
 garbage-first heap   total 398336K, used 214995K [0x0000000080000000, 0x0000000100000000)
  region size 1024K, 2 young (2048K), 2 survivors (2048K)
 Metaspace       used 113737K, committed 115200K, reserved 557056K
  class space    used 15912K, committed 16576K, reserved 425984K
}
Event: 28.038 GC heap before
{Heap before GC invocations=63 (full 0):
 garbage-first heap   total 398336K, used 321491K [0x0000000080000000, 0x0000000100000000)
  region size 1024K, 106 young (108544K), 2 survivors (2048K)
 Metaspace       used 116524K, committed 118016K, reserved 557056K
  class space    used 16271K, committed 16960K, reserved 425984K
}
Event: 28.047 GC heap after
{Heap after GC invocations=64 (full 0):
 garbage-first heap   total 398336K, used 228726K [0x0000000080000000, 0x0000000100000000)
  region size 1024K, 14 young (14336K), 14 survivors (14336K)
 Metaspace       used 116524K, committed 118016K, reserved 557056K
  class space    used 16271K, committed 16960K, reserved 425984K
}
Event: 28.724 GC heap before
{Heap before GC invocations=64 (full 0):
 garbage-first heap   total 398336K, used 322934K [0x0000000080000000, 0x0000000100000000)
  region size 1024K, 107 young (109568K), 14 survivors (14336K)
 Metaspace       used 116651K, committed 118208K, reserved 557056K
  class space    used 16281K, committed 17024K, reserved 425984K
}
Event: 28.737 GC heap after
{Heap after GC invocations=65 (full 0):
 garbage-first heap   total 398336K, used 241205K [0x0000000080000000, 0x0000000100000000)
  region size 1024K, 12 young (12288K), 12 survivors (12288K)
 Metaspace       used 116651K, committed 118208K, reserved 557056K
  class space    used 16281K, committed 17024K, reserved 425984K
}
Event: 28.947 GC heap before
{Heap before GC invocations=65 (full 0):
 garbage-first heap   total 398336K, used 326197K [0x0000000080000000, 0x0000000100000000)
  region size 1024K, 96 young (98304K), 12 survivors (12288K)
 Metaspace       used 116651K, committed 118208K, reserved 557056K
  class space    used 16281K, committed 17024K, reserved 425984K
}
Event: 28.955 GC heap after
{Heap after GC invocations=66 (full 0):
 garbage-first heap   total 398336K, used 244548K [0x0000000080000000, 0x0000000100000000)
  region size 1024K, 6 young (6144K), 6 survivors (6144K)
 Metaspace       used 116651K, committed 118208K, reserved 557056K
  class space    used 16281K, committed 17024K, reserved 425984K
}
Event: 29.615 GC heap before
{Heap before GC invocations=66 (full 0):
 garbage-first heap   total 398336K, used 333636K [0x0000000080000000, 0x0000000100000000)
  region size 1024K, 91 young (93184K), 6 survivors (6144K)
 Metaspace       used 116962K, committed 118464K, reserved 557056K
  class space    used 16322K, committed 17024K, reserved 425984K
}
Event: 29.625 GC heap after
{Heap after GC invocations=67 (full 0):
 garbage-first heap   total 398336K, used 254415K [0x0000000080000000, 0x0000000100000000)
  region size 1024K, 12 young (12288K), 12 survivors (12288K)
 Metaspace       used 116962K, committed 118464K, reserved 557056K
  class space    used 16322K, committed 17024K, reserved 425984K
}
Event: 30.059 GC heap before
{Heap before GC invocations=67 (full 0):
 garbage-first heap   total 398336K, used 331215K [0x0000000080000000, 0x0000000100000000)
  region size 1024K, 87 young (89088K), 12 survivors (12288K)
 Metaspace       used 117248K, committed 118784K, reserved 557056K
  class space    used 16357K, committed 17088K, reserved 425984K
}
Event: 30.069 GC heap after
{Heap after GC invocations=68 (full 0):
 garbage-first heap   total 398336K, used 259605K [0x0000000080000000, 0x0000000100000000)
  region size 1024K, 8 young (8192K), 8 survivors (8192K)
 Metaspace       used 117248K, committed 118784K, reserved 557056K
  class space    used 16357K, committed 17088K, reserved 425984K
}

